<?xml version="1.0" encoding="UTF-8"?>
<testng-results total="1" passed="1" failed="0" skipped="0">
  <reporter-output>
  </reporter-output>
  <suite started-at="2018-06-26T05:13:14Z" name="Default suite" finished-at="2018-06-26T05:13:39Z" duration-ms="24760">
    <groups>
    </groups>
    <test started-at="2018-06-26T05:13:14Z" name="Default test" finished-at="2018-06-26T05:13:39Z" duration-ms="24760">
      <class name="com.ttgg.test.test">
        <test-method signature="rightClickMouse()[pri:0, instance:com.ttgg.test.test@36b4fe2a]" started-at="2018-06-26T13:13:14Z" name="rightClickMouse" finished-at="2018-06-26T13:13:39Z" duration-ms="24692" status="PASS">
          <reporter-output>
          </reporter-output>
        </test-method> <!-- rightClickMouse -->
      </class> <!-- com.ttgg.test.test -->
    </test> <!-- Default test -->
  </suite> <!-- Default suite -->
</testng-results>
